2024-12-24T13:25:40.823+03:00  INFO 19824 --- [main] o.e.j.Java15Grup2ProjeApplication        : Starting Java15Grup2ProjeApplication using Java 21.0.3 with PID 19824 (C:\Users\123as\Desktop\abc\Java15Grup2Proje\build\classes\java\main started by 123as in C:\Users\123as\Desktop\abc\Java15Grup2Proje)
2024-12-24T13:25:40.839+03:00  INFO 19824 --- [main] o.e.j.Java15Grup2ProjeApplication        : No active profile set, falling back to 1 default profile: "default"
2024-12-24T13:25:42.564+03:00  INFO 19824 --- [main] .s.d.r.c.RepositoryConfigurationDelegate : Bootstrapping Spring Data JPA repositories in DEFAULT mode.
2024-12-24T13:25:42.696+03:00  INFO 19824 --- [main] .s.d.r.c.RepositoryConfigurationDelegate : Finished Spring Data repository scanning in 107 ms. Found 6 JPA repository interfaces.
2024-12-24T13:25:43.444+03:00  INFO 19824 --- [main] o.s.b.w.embedded.tomcat.TomcatWebServer  : Tomcat initialized with port 9090 (http)
2024-12-24T13:25:43.458+03:00  INFO 19824 --- [main] o.apache.catalina.core.StandardService   : Starting service [Tomcat]
2024-12-24T13:25:43.458+03:00  INFO 19824 --- [main] o.apache.catalina.core.StandardEngine    : Starting Servlet engine: [Apache Tomcat/10.1.30]
2024-12-24T13:25:43.536+03:00  INFO 19824 --- [main] o.a.c.c.C.[Tomcat].[localhost].[/]       : Initializing Spring embedded WebApplicationContext
2024-12-24T13:25:43.536+03:00  INFO 19824 --- [main] w.s.c.ServletWebServerApplicationContext : Root WebApplicationContext: initialization completed in 2587 ms
2024-12-24T13:25:43.715+03:00  INFO 19824 --- [main] o.hibernate.jpa.internal.util.LogHelper  : HHH000204: Processing PersistenceUnitInfo [name: default]
2024-12-24T13:25:43.811+03:00  INFO 19824 --- [main] org.hibernate.Version                    : HHH000412: Hibernate ORM core version 6.5.3.Final
2024-12-24T13:25:43.856+03:00  INFO 19824 --- [main] o.h.c.internal.RegionFactoryInitiator    : HHH000026: Second-level cache disabled
2024-12-24T13:25:44.229+03:00  INFO 19824 --- [main] o.s.o.j.p.SpringPersistenceUnitInfo      : No LoadTimeWeaver setup: ignoring JPA class transformer
2024-12-24T13:25:44.266+03:00  INFO 19824 --- [main] com.zaxxer.hikari.HikariDataSource       : HikariPool-1 - Starting...
2024-12-24T13:25:44.439+03:00  INFO 19824 --- [main] com.zaxxer.hikari.pool.HikariPool        : HikariPool-1 - Added connection org.postgresql.jdbc.PgConnection@402f61f5
2024-12-24T13:25:44.441+03:00  INFO 19824 --- [main] com.zaxxer.hikari.HikariDataSource       : HikariPool-1 - Start completed.
2024-12-24T13:25:45.926+03:00  INFO 19824 --- [main] o.h.e.t.j.p.i.JtaPlatformInitiator       : HHH000489: No JTA platform available (set 'hibernate.transaction.jta.platform' to enable JTA platform integration)
2024-12-24T13:25:46.175+03:00  INFO 19824 --- [main] j.LocalContainerEntityManagerFactoryBean : Initialized JPA EntityManagerFactory for persistence unit 'default'
2024-12-24T13:25:46.535+03:00  INFO 19824 --- [main] o.s.d.j.r.query.QueryEnhancerFactory     : Hibernate is in classpath; If applicable, HQL parser will be used.
2024-12-24T13:25:47.156+03:00  WARN 19824 --- [main] JpaBaseConfiguration$JpaWebConfiguration : spring.jpa.open-in-view is enabled by default. Therefore, database queries may be performed during view rendering. Explicitly configure spring.jpa.open-in-view to disable this warning
2024-12-24T13:25:47.204+03:00  INFO 19824 --- [main] r$InitializeUserDetailsManagerConfigurer : Global AuthenticationManager configured with UserDetailsService bean with name inMemoryUserDetailsManager
2024-12-24T13:25:47.854+03:00  INFO 19824 --- [main] o.s.b.w.embedded.tomcat.TomcatWebServer  : Tomcat started on port 9090 (http) with context path '/'
2024-12-24T13:25:47.861+03:00  INFO 19824 --- [main] o.e.j.Java15Grup2ProjeApplication        : Started Java15Grup2ProjeApplication in 7.767 seconds (process running for 8.679)
2024-12-24T13:28:45.634+03:00  INFO 19824 --- [http-nio-9090-exec-1] o.a.c.c.C.[Tomcat].[localhost].[/]       : Initializing Spring DispatcherServlet 'dispatcherServlet'
2024-12-24T13:28:45.635+03:00  INFO 19824 --- [http-nio-9090-exec-1] o.s.web.servlet.DispatcherServlet        : Initializing Servlet 'dispatcherServlet'
2024-12-24T13:28:45.636+03:00  INFO 19824 --- [http-nio-9090-exec-1] o.s.web.servlet.DispatcherServlet        : Completed initialization in 1 ms
2024-12-24T13:56:52.591+03:00  INFO 19824 --- [SpringApplicationShutdownHook] j.LocalContainerEntityManagerFactoryBean : Closing JPA EntityManagerFactory for persistence unit 'default'
2024-12-24T13:56:52.594+03:00  INFO 19824 --- [SpringApplicationShutdownHook] com.zaxxer.hikari.HikariDataSource       : HikariPool-1 - Shutdown initiated...
2024-12-24T13:56:52.596+03:00  INFO 19824 --- [SpringApplicationShutdownHook] com.zaxxer.hikari.HikariDataSource       : HikariPool-1 - Shutdown completed.
2024-12-24T16:05:12.602+03:00  INFO 7020 --- [main] o.e.j.Java15Grup2ProjeApplication        : Starting Java15Grup2ProjeApplication using Java 21.0.3 with PID 7020 (C:\Users\123as\Desktop\abc\Java15Grup2Proje\build\classes\java\main started by 123as in C:\Users\123as\Desktop\abc\Java15Grup2Proje)
2024-12-24T16:05:12.607+03:00  INFO 7020 --- [main] o.e.j.Java15Grup2ProjeApplication        : No active profile set, falling back to 1 default profile: "default"
2024-12-24T16:05:14.705+03:00  INFO 7020 --- [main] .s.d.r.c.RepositoryConfigurationDelegate : Bootstrapping Spring Data JPA repositories in DEFAULT mode.
2024-12-24T16:05:15.012+03:00  INFO 7020 --- [main] .s.d.r.c.RepositoryConfigurationDelegate : Finished Spring Data repository scanning in 277 ms. Found 6 JPA repository interfaces.
2024-12-24T16:05:16.460+03:00  INFO 7020 --- [main] o.s.b.w.embedded.tomcat.TomcatWebServer  : Tomcat initialized with port 9090 (http)
2024-12-24T16:05:16.500+03:00  INFO 7020 --- [main] o.apache.catalina.core.StandardService   : Starting service [Tomcat]
2024-12-24T16:05:16.501+03:00  INFO 7020 --- [main] o.apache.catalina.core.StandardEngine    : Starting Servlet engine: [Apache Tomcat/10.1.30]
2024-12-24T16:05:16.719+03:00  INFO 7020 --- [main] o.a.c.c.C.[Tomcat].[localhost].[/]       : Initializing Spring embedded WebApplicationContext
2024-12-24T16:05:16.721+03:00  INFO 7020 --- [main] w.s.c.ServletWebServerApplicationContext : Root WebApplicationContext: initialization completed in 4013 ms
2024-12-24T16:05:17.073+03:00  INFO 7020 --- [main] o.hibernate.jpa.internal.util.LogHelper  : HHH000204: Processing PersistenceUnitInfo [name: default]
2024-12-24T16:05:17.468+03:00  INFO 7020 --- [main] org.hibernate.Version                    : HHH000412: Hibernate ORM core version 6.5.3.Final
2024-12-24T16:05:17.652+03:00  INFO 7020 --- [main] o.h.c.internal.RegionFactoryInitiator    : HHH000026: Second-level cache disabled
2024-12-24T16:05:18.306+03:00  INFO 7020 --- [main] o.s.o.j.p.SpringPersistenceUnitInfo      : No LoadTimeWeaver setup: ignoring JPA class transformer
2024-12-24T16:05:18.405+03:00  INFO 7020 --- [main] com.zaxxer.hikari.HikariDataSource       : HikariPool-1 - Starting...
2024-12-24T16:05:18.739+03:00  INFO 7020 --- [main] com.zaxxer.hikari.pool.HikariPool        : HikariPool-1 - Added connection org.postgresql.jdbc.PgConnection@660296d5
2024-12-24T16:05:18.742+03:00  INFO 7020 --- [main] com.zaxxer.hikari.HikariDataSource       : HikariPool-1 - Start completed.
2024-12-24T16:05:22.685+03:00  INFO 7020 --- [main] o.h.e.t.j.p.i.JtaPlatformInitiator       : HHH000489: No JTA platform available (set 'hibernate.transaction.jta.platform' to enable JTA platform integration)
2024-12-24T16:05:23.058+03:00  INFO 7020 --- [main] j.LocalContainerEntityManagerFactoryBean : Initialized JPA EntityManagerFactory for persistence unit 'default'
2024-12-24T16:05:23.899+03:00  INFO 7020 --- [main] o.s.d.j.r.query.QueryEnhancerFactory     : Hibernate is in classpath; If applicable, HQL parser will be used.
2024-12-24T16:05:25.551+03:00  WARN 7020 --- [main] JpaBaseConfiguration$JpaWebConfiguration : spring.jpa.open-in-view is enabled by default. Therefore, database queries may be performed during view rendering. Explicitly configure spring.jpa.open-in-view to disable this warning
2024-12-24T16:05:25.658+03:00  INFO 7020 --- [main] r$InitializeUserDetailsManagerConfigurer : Global AuthenticationManager configured with UserDetailsService bean with name inMemoryUserDetailsManager
2024-12-24T16:05:27.165+03:00  INFO 7020 --- [main] o.s.b.w.embedded.tomcat.TomcatWebServer  : Tomcat started on port 9090 (http) with context path '/'
2024-12-24T16:05:27.190+03:00  INFO 7020 --- [main] o.e.j.Java15Grup2ProjeApplication        : Started Java15Grup2ProjeApplication in 15.618 seconds (process running for 16.925)
